<?xml version="1.0" encoding="UTF-8"?>
<!-- Generated by org.testng.reporters.JUnitXMLReporter -->
<testsuite hostname="Nityas-MacBook-Air.local" ignored="0" name="Command line test" tests="5" failures="0" timestamp="2019-08-27T15:06:58 IST" time="0.052" errors="0">
  <testcase name="IOSApps" time="0.008" classname="qaclickacademy.AppiumTest"/>
  <testcase name="BrowserAutomation" time="0.0" classname="qaclickacademy.SeleniumTest"/>
  <testcase name="elementUI" time="0.0" classname="qaclickacademy.SeleniumTest"/>
  <testcase name="PostJira" time="0.001" classname="qaclickacademy.RESTAPITest"/>
  <testcase name="deleteTwitter" time="0.0" classname="qaclickacademy.RESTAPITest"/>
</testsuite> <!-- Command line test -->
