<?xml version="1.0" encoding="UTF-8"?>
<testng-results skipped="0" failed="0" ignored="0" total="5" passed="5">
  <reporter-output>
  </reporter-output>
  <suite name="Command line suite" duration-ms="52" started-at="2019-08-27T15:06:53 IST" finished-at="2019-08-27T15:06:53 IST">
    <groups>
    </groups>
    <test name="Command line test" duration-ms="52" started-at="2019-08-27T15:06:53 IST" finished-at="2019-08-27T15:06:53 IST">
      <class name="qaclickacademy.AppiumTest">
        <test-method status="PASS" signature="IOSApps()[pri:0, instance:qaclickacademy.AppiumTest@6e1567f1]" name="IOSApps" duration-ms="8" started-at="2019-08-27T15:06:53 IST" finished-at="2019-08-27T15:06:53 IST">
          <reporter-output>
          </reporter-output>
        </test-method> <!-- IOSApps -->
      </class> <!-- qaclickacademy.AppiumTest -->
      <class name="qaclickacademy.RESTAPITest">
        <test-method status="PASS" signature="PostJira()[pri:0, instance:qaclickacademy.RESTAPITest@cb644e]" name="PostJira" duration-ms="1" started-at="2019-08-27T15:06:53 IST" finished-at="2019-08-27T15:06:53 IST">
          <reporter-output>
          </reporter-output>
        </test-method> <!-- PostJira -->
        <test-method status="PASS" signature="deleteTwitter()[pri:0, instance:qaclickacademy.RESTAPITest@cb644e]" name="deleteTwitter" duration-ms="0" started-at="2019-08-27T15:06:53 IST" finished-at="2019-08-27T15:06:53 IST">
          <reporter-output>
          </reporter-output>
        </test-method> <!-- deleteTwitter -->
      </class> <!-- qaclickacademy.RESTAPITest -->
      <class name="qaclickacademy.SeleniumTest">
        <test-method status="PASS" signature="BrowserAutomation()[pri:0, instance:qaclickacademy.SeleniumTest@5cb9f472]" name="BrowserAutomation" duration-ms="0" started-at="2019-08-27T15:06:53 IST" finished-at="2019-08-27T15:06:53 IST">
          <reporter-output>
          </reporter-output>
        </test-method> <!-- BrowserAutomation -->
        <test-method status="PASS" signature="elementUI()[pri:0, instance:qaclickacademy.SeleniumTest@5cb9f472]" name="elementUI" duration-ms="0" started-at="2019-08-27T15:06:53 IST" finished-at="2019-08-27T15:06:53 IST">
          <reporter-output>
          </reporter-output>
        </test-method> <!-- elementUI -->
      </class> <!-- qaclickacademy.SeleniumTest -->
    </test> <!-- Command line test -->
  </suite> <!-- Command line suite -->
</testng-results>
